14:51:36 THE DIALOG BEGAN
14:51:37 Bot: Hi
14:51:40 User: Hello
14:51:40 Bot : Yes
14:51:49 User: "Stop talking"
14:51:54 User: lll
14:51:55 User: ddd
14:51:57 User: ddda
14:52:02 User: "Start talking"
14:52:04 User: dsfs
14:52:04 Bot : I don't know
14:52:04 User: fsdf
14:52:04 Bot : No 
14:52:27 User: "Use another file:answers2.txt"
14:52:29 User: fd
14:52:29 Bot : I'm fine
14:52:30 User: s
14:52:30 Bot : Buy
14:52:31 User: hfg
14:52:31 Bot : How are you
14:52:32 User: w
14:52:32 Bot : I'm fine
14:53:13 User: "Goodbye"
14:53:13 Bot : Buy
14:53:13 THE DIALOG ENDED
